2022.09.20 04:42:59 INFO  ce[][o.s.p.ProcessEntryPoint] Starting ce
2022.09.20 04:42:59 INFO  ce[][o.s.ce.app.CeServer] Compute Engine starting up...
2022.09.20 04:42:59 INFO  ce[][o.s.s.e.EsClientProvider] Connected to local Elasticsearch: [http://localhost:9001]
2022.09.20 04:42:59 INFO  ce[][o.sonar.db.Database] Create JDBC data source for jdbc:h2:tcp://127.0.0.1:9092/sonar
2022.09.20 04:43:00 WARN  ce[][o.s.db.dialect.H2] H2 database should be used for evaluation purpose only.
2022.09.20 04:43:00 INFO  ce[][o.s.s.p.ServerFileSystemImpl] SonarQube home: /opt/sonarqube
2022.09.20 04:43:00 INFO  ce[][o.s.c.c.CePluginRepository] Load plugins
2022.09.20 04:43:01 INFO  ce[][o.s.c.c.ComputeEngineContainerImpl] Running Community edition
2022.09.20 04:43:01 INFO  ce[][o.s.ce.app.CeServer] Compute Engine is operational
2022.09.20 07:14:35 INFO  ce[][o.s.c.t.CeWorkerImpl] Execute task | project=test-baufest | type=REPORT | id=AYNZv565-6Bx8xa06lK3 | submitter=admin
2022.09.20 07:14:35 INFO  ce[AYNZv565-6Bx8xa06lK3][o.s.c.t.s.ComputationStepExecutor] Extract report | status=SUCCESS | time=242ms
2022.09.20 07:14:35 INFO  ce[AYNZv565-6Bx8xa06lK3][o.s.c.t.s.ComputationStepExecutor] Persist scanner context | status=SUCCESS | time=6ms
2022.09.20 07:14:35 INFO  ce[AYNZv565-6Bx8xa06lK3][o.s.c.t.s.ComputationStepExecutor] Propagate analysis warnings from scanner report | status=SUCCESS | time=19ms
2022.09.20 07:14:35 INFO  ce[AYNZv565-6Bx8xa06lK3][o.s.c.t.s.ComputationStepExecutor] Generate analysis UUID | status=SUCCESS | time=0ms
2022.09.20 07:14:35 INFO  ce[AYNZv565-6Bx8xa06lK3][o.s.c.t.s.ComputationStepExecutor] Load analysis metadata | status=SUCCESS | time=37ms
2022.09.20 07:14:35 INFO  ce[AYNZv565-6Bx8xa06lK3][o.s.c.t.s.ComputationStepExecutor] Initialize | status=SUCCESS | time=0ms
2022.09.20 07:14:35 INFO  ce[AYNZv565-6Bx8xa06lK3][o.s.c.t.s.ComputationStepExecutor] Build tree of components | components=168 | status=SUCCESS | time=36ms
2022.09.20 07:14:35 INFO  ce[AYNZv565-6Bx8xa06lK3][o.s.c.t.s.ComputationStepExecutor] Validate project | status=SUCCESS | time=4ms
2022.09.20 07:14:37 INFO  ce[AYNZv565-6Bx8xa06lK3][o.s.c.t.s.ComputationStepExecutor] Load quality profiles | status=SUCCESS | time=1213ms
2022.09.20 07:14:37 INFO  ce[AYNZv565-6Bx8xa06lK3][o.s.c.t.s.ComputationStepExecutor] Load Quality gate | status=SUCCESS | time=8ms
2022.09.20 07:14:37 INFO  ce[AYNZv565-6Bx8xa06lK3][o.s.c.t.s.ComputationStepExecutor] Load new code period | status=SUCCESS | time=2ms
2022.09.20 07:14:37 INFO  ce[AYNZv565-6Bx8xa06lK3][o.s.c.t.s.ComputationStepExecutor] Detect file moves | status=SUCCESS | time=0ms
2022.09.20 07:14:37 INFO  ce[AYNZv565-6Bx8xa06lK3][o.s.c.t.s.ComputationStepExecutor] Load duplications | duplications=245 | status=SUCCESS | time=34ms
2022.09.20 07:14:37 INFO  ce[AYNZv565-6Bx8xa06lK3][o.s.c.t.s.ComputationStepExecutor] Compute cross project duplications | status=SUCCESS | time=0ms
2022.09.20 07:14:37 INFO  ce[AYNZv565-6Bx8xa06lK3][o.s.c.t.s.ComputationStepExecutor] Compute size measures | status=SUCCESS | time=16ms
2022.09.20 07:14:37 INFO  ce[AYNZv565-6Bx8xa06lK3][o.s.c.t.s.ComputationStepExecutor] Compute new coverage | status=SUCCESS | time=3ms
2022.09.20 07:14:37 INFO  ce[AYNZv565-6Bx8xa06lK3][o.s.c.t.s.ComputationStepExecutor] Compute coverage measures | status=SUCCESS | time=29ms
2022.09.20 07:14:37 INFO  ce[AYNZv565-6Bx8xa06lK3][o.s.c.t.s.ComputationStepExecutor] Compute comment measures | status=SUCCESS | time=2ms
2022.09.20 07:14:37 INFO  ce[AYNZv565-6Bx8xa06lK3][o.s.c.t.s.ComputationStepExecutor] Compute duplication measures | status=SUCCESS | time=6ms
2022.09.20 07:14:37 INFO  ce[AYNZv565-6Bx8xa06lK3][o.s.c.t.s.ComputationStepExecutor] Compute size measures on new code | status=SUCCESS | time=2ms
2022.09.20 07:14:37 INFO  ce[AYNZv565-6Bx8xa06lK3][o.s.c.t.s.ComputationStepExecutor] Compute language distribution | status=SUCCESS | time=12ms
2022.09.20 07:14:37 INFO  ce[AYNZv565-6Bx8xa06lK3][o.s.c.t.s.ComputationStepExecutor] Compute test measures | status=SUCCESS | time=2ms
2022.09.20 07:14:37 INFO  ce[AYNZv565-6Bx8xa06lK3][o.s.c.t.s.ComputationStepExecutor] Compute complexity measures | status=SUCCESS | time=3ms
2022.09.20 07:14:37 INFO  ce[AYNZv565-6Bx8xa06lK3][o.s.c.t.s.ComputationStepExecutor] Load measure computers | status=SUCCESS | time=0ms
2022.09.20 07:14:37 INFO  ce[AYNZv565-6Bx8xa06lK3][o.s.c.t.s.ComputationStepExecutor] Compute Quality Profile status | status=SUCCESS | time=2ms
2022.09.20 07:14:37 INFO  ce[AYNZv565-6Bx8xa06lK3][o.s.c.t.s.ComputationStepExecutor] Execute component visitors | status=SUCCESS | time=738ms
2022.09.20 07:14:37 INFO  ce[AYNZv565-6Bx8xa06lK3][o.s.c.t.s.ComputationStepExecutor] Checks executed after computation of measures | status=SUCCESS | time=0ms
2022.09.20 07:14:37 INFO  ce[AYNZv565-6Bx8xa06lK3][o.s.c.t.s.ComputationStepExecutor] Compute Quality Gate measures | status=SUCCESS | time=5ms
2022.09.20 07:14:38 INFO  ce[AYNZv565-6Bx8xa06lK3][o.s.c.t.s.ComputationStepExecutor] Compute Quality profile measures | status=SUCCESS | time=6ms
2022.09.20 07:14:38 INFO  ce[AYNZv565-6Bx8xa06lK3][o.s.c.t.s.ComputationStepExecutor] Generate Quality profile events | status=SUCCESS | time=1ms
2022.09.20 07:14:38 INFO  ce[AYNZv565-6Bx8xa06lK3][o.s.c.t.s.ComputationStepExecutor] Generate Quality gate events | status=SUCCESS | time=1ms
2022.09.20 07:14:38 INFO  ce[AYNZv565-6Bx8xa06lK3][o.s.c.t.s.ComputationStepExecutor] Check upgrade possibility for not analyzed code files. | status=SUCCESS | time=1ms
2022.09.20 07:14:38 INFO  ce[AYNZv565-6Bx8xa06lK3][o.s.c.t.s.ComputationStepExecutor] Persist components | status=SUCCESS | time=34ms
2022.09.20 07:14:38 INFO  ce[AYNZv565-6Bx8xa06lK3][o.s.c.t.s.ComputationStepExecutor] Persist analysis | status=SUCCESS | time=2ms
2022.09.20 07:14:38 INFO  ce[AYNZv565-6Bx8xa06lK3][o.s.c.t.s.ComputationStepExecutor] Persist analysis properties | status=SUCCESS | time=4ms
2022.09.20 07:14:38 INFO  ce[AYNZv565-6Bx8xa06lK3][o.s.c.t.s.ComputationStepExecutor] Persist measures | inserts=50 | status=SUCCESS | time=13ms
2022.09.20 07:14:38 INFO  ce[AYNZv565-6Bx8xa06lK3][o.s.c.t.s.ComputationStepExecutor] Persist live measures | insertsOrUpdates=3876 | status=SUCCESS | time=467ms
2022.09.20 07:14:38 INFO  ce[AYNZv565-6Bx8xa06lK3][o.s.c.t.s.ComputationStepExecutor] Persist duplication data | insertsOrUpdates=0 | status=SUCCESS | time=12ms
2022.09.20 07:14:38 INFO  ce[AYNZv565-6Bx8xa06lK3][o.s.c.t.s.ComputationStepExecutor] Persist new ad hoc Rules | status=SUCCESS | time=0ms
2022.09.20 07:14:38 INFO  ce[AYNZv565-6Bx8xa06lK3][o.s.c.t.s.ComputationStepExecutor] Persist issues | cacheSize=849.5 kB | inserts=1319 | updates=0 | merged=0 | status=SUCCESS | time=288ms
2022.09.20 07:14:38 INFO  ce[AYNZv565-6Bx8xa06lK3][o.s.c.t.s.ComputationStepExecutor] Persist project links | status=SUCCESS | time=3ms
2022.09.20 07:14:38 INFO  ce[AYNZv565-6Bx8xa06lK3][o.s.c.t.s.ComputationStepExecutor] Persist events | status=SUCCESS | time=3ms
2022.09.20 07:14:41 INFO  ce[AYNZv565-6Bx8xa06lK3][o.s.c.t.s.ComputationStepExecutor] Persist sources | status=SUCCESS | time=2396ms
2022.09.20 07:14:41 INFO  ce[AYNZv565-6Bx8xa06lK3][o.s.c.t.s.ComputationStepExecutor] Persist cross project duplications | status=SUCCESS | time=0ms
2022.09.20 07:14:41 INFO  ce[AYNZv565-6Bx8xa06lK3][o.s.c.t.s.ComputationStepExecutor] Enable analysis | status=SUCCESS | time=24ms
2022.09.20 07:14:41 INFO  ce[AYNZv565-6Bx8xa06lK3][o.s.c.t.s.ComputationStepExecutor] Update last usage date of quality profiles | status=SUCCESS | time=8ms
2022.09.20 07:14:41 INFO  ce[AYNZv565-6Bx8xa06lK3][o.s.c.t.s.ComputationStepExecutor] Purge db | status=SUCCESS | time=113ms
2022.09.20 07:14:42 INFO  ce[AYNZv565-6Bx8xa06lK3][o.s.c.t.s.ComputationStepExecutor] Index analysis | status=SUCCESS | time=1419ms
2022.09.20 07:14:42 INFO  ce[AYNZv565-6Bx8xa06lK3][o.s.c.t.s.ComputationStepExecutor] Update need issue sync for branch | status=SUCCESS | time=1ms
2022.09.20 07:14:42 INFO  ce[AYNZv565-6Bx8xa06lK3][o.s.c.t.s.ComputationStepExecutor] Send issue notifications | newIssuesNotifs=0 | newIssuesDeliveries=0 | myNewIssuesNotifs=0 | myNewIssuesDeliveries=0 | changesNotifs=0 | changesDeliveries=0 | status=SUCCESS | time=3ms
2022.09.20 07:14:42 INFO  ce[AYNZv565-6Bx8xa06lK3][o.s.c.t.s.ComputationStepExecutor] Publish task results | status=SUCCESS | time=0ms
2022.09.20 07:14:42 INFO  ce[AYNZv565-6Bx8xa06lK3][o.s.c.t.s.ComputationStepExecutor] Trigger refresh of Portfolios and Applications | status=SUCCESS | time=2ms
2022.09.20 07:14:42 INFO  ce[AYNZv565-6Bx8xa06lK3][o.s.c.t.p.a.p.PostProjectAnalysisTasksExecutor] Webhooks | globalWebhooks=0 | projectWebhooks=0 | status=SUCCESS | time=4ms
2022.09.20 07:14:42 INFO  ce[AYNZv565-6Bx8xa06lK3][o.s.c.t.CeWorkerImpl] Executed task | project=test-baufest | type=REPORT | id=AYNZv565-6Bx8xa06lK3 | submitter=admin | status=SUCCESS | time=7625ms
2022.09.20 09:03:27 INFO  ce[][o.s.c.t.CeWorkerImpl] Execute task | project=test-baufest | type=REPORT | id=AYNaI0yw-6Bx8xa06lK4 | submitter=admin
2022.09.20 09:03:27 INFO  ce[AYNaI0yw-6Bx8xa06lK4][o.s.c.t.s.ComputationStepExecutor] Extract report | status=SUCCESS | time=158ms
2022.09.20 09:03:27 INFO  ce[AYNaI0yw-6Bx8xa06lK4][o.s.c.t.s.ComputationStepExecutor] Persist scanner context | status=SUCCESS | time=3ms
2022.09.20 09:03:27 INFO  ce[AYNaI0yw-6Bx8xa06lK4][o.s.c.t.s.ComputationStepExecutor] Propagate analysis warnings from scanner report | status=SUCCESS | time=5ms
2022.09.20 09:03:27 INFO  ce[AYNaI0yw-6Bx8xa06lK4][o.s.c.t.s.ComputationStepExecutor] Generate analysis UUID | status=SUCCESS | time=0ms
2022.09.20 09:03:27 INFO  ce[AYNaI0yw-6Bx8xa06lK4][o.s.c.t.s.ComputationStepExecutor] Load analysis metadata | status=SUCCESS | time=1ms
2022.09.20 09:03:27 INFO  ce[AYNaI0yw-6Bx8xa06lK4][o.s.c.t.s.ComputationStepExecutor] Initialize | status=SUCCESS | time=0ms
2022.09.20 09:03:27 INFO  ce[AYNaI0yw-6Bx8xa06lK4][o.s.c.t.s.ComputationStepExecutor] Build tree of components | components=168 | status=SUCCESS | time=14ms
2022.09.20 09:03:27 INFO  ce[AYNaI0yw-6Bx8xa06lK4][o.s.c.t.s.ComputationStepExecutor] Validate project | status=SUCCESS | time=2ms
2022.09.20 09:03:28 INFO  ce[AYNaI0yw-6Bx8xa06lK4][o.s.c.t.s.ComputationStepExecutor] Load quality profiles | status=SUCCESS | time=727ms
2022.09.20 09:03:28 INFO  ce[AYNaI0yw-6Bx8xa06lK4][o.s.c.t.s.ComputationStepExecutor] Load Quality gate | status=SUCCESS | time=2ms
2022.09.20 09:03:28 INFO  ce[AYNaI0yw-6Bx8xa06lK4][o.s.c.t.s.ComputationStepExecutor] Load new code period | status=SUCCESS | time=4ms
2022.09.20 09:03:28 INFO  ce[AYNaI0yw-6Bx8xa06lK4][o.s.c.t.s.ComputationStepExecutor] Detect file moves | reportFiles=117 | dbFiles=117 | addedFiles=0 | status=SUCCESS | time=15ms
2022.09.20 09:03:28 INFO  ce[AYNaI0yw-6Bx8xa06lK4][o.s.c.t.s.ComputationStepExecutor] Load duplications | duplications=245 | status=SUCCESS | time=5ms
2022.09.20 09:03:28 INFO  ce[AYNaI0yw-6Bx8xa06lK4][o.s.c.t.s.ComputationStepExecutor] Compute cross project duplications | status=SUCCESS | time=0ms
2022.09.20 09:03:28 INFO  ce[AYNaI0yw-6Bx8xa06lK4][o.s.c.t.s.ComputationStepExecutor] Compute size measures | status=SUCCESS | time=6ms
2022.09.20 09:03:29 INFO  ce[AYNaI0yw-6Bx8xa06lK4][o.s.c.t.s.ComputationStepExecutor] Compute new coverage | status=SUCCESS | time=904ms
2022.09.20 09:03:29 INFO  ce[AYNaI0yw-6Bx8xa06lK4][o.s.c.t.s.ComputationStepExecutor] Compute coverage measures | status=SUCCESS | time=6ms
2022.09.20 09:03:29 INFO  ce[AYNaI0yw-6Bx8xa06lK4][o.s.c.t.s.ComputationStepExecutor] Compute comment measures | status=SUCCESS | time=1ms
2022.09.20 09:03:29 INFO  ce[AYNaI0yw-6Bx8xa06lK4][o.s.c.t.s.ComputationStepExecutor] Compute duplication measures | status=SUCCESS | time=2ms
2022.09.20 09:03:29 INFO  ce[AYNaI0yw-6Bx8xa06lK4][o.s.c.t.s.ComputationStepExecutor] Compute size measures on new code | status=SUCCESS | time=6ms
2022.09.20 09:03:29 INFO  ce[AYNaI0yw-6Bx8xa06lK4][o.s.c.t.s.ComputationStepExecutor] Compute language distribution | status=SUCCESS | time=1ms
2022.09.20 09:03:29 INFO  ce[AYNaI0yw-6Bx8xa06lK4][o.s.c.t.s.ComputationStepExecutor] Compute test measures | status=SUCCESS | time=1ms
2022.09.20 09:03:29 INFO  ce[AYNaI0yw-6Bx8xa06lK4][o.s.c.t.s.ComputationStepExecutor] Compute complexity measures | status=SUCCESS | time=1ms
2022.09.20 09:03:29 INFO  ce[AYNaI0yw-6Bx8xa06lK4][o.s.c.t.s.ComputationStepExecutor] Load measure computers | status=SUCCESS | time=0ms
2022.09.20 09:03:29 INFO  ce[AYNaI0yw-6Bx8xa06lK4][o.s.c.t.s.ComputationStepExecutor] Compute Quality Profile status | status=SUCCESS | time=7ms
2022.09.20 09:03:29 INFO  ce[AYNaI0yw-6Bx8xa06lK4][o.s.c.t.s.ComputationStepExecutor] Execute component visitors | status=SUCCESS | time=418ms
2022.09.20 09:03:29 INFO  ce[AYNaI0yw-6Bx8xa06lK4][o.s.c.t.s.ComputationStepExecutor] Checks executed after computation of measures | status=SUCCESS | time=0ms
2022.09.20 09:03:29 INFO  ce[AYNaI0yw-6Bx8xa06lK4][o.s.c.t.s.ComputationStepExecutor] Compute Quality Gate measures | status=SUCCESS | time=2ms
2022.09.20 09:03:29 INFO  ce[AYNaI0yw-6Bx8xa06lK4][o.s.c.t.s.ComputationStepExecutor] Compute Quality profile measures | status=SUCCESS | time=1ms
2022.09.20 09:03:29 INFO  ce[AYNaI0yw-6Bx8xa06lK4][o.s.c.t.s.ComputationStepExecutor] Generate Quality profile events | status=SUCCESS | time=2ms
2022.09.20 09:03:29 INFO  ce[AYNaI0yw-6Bx8xa06lK4][o.s.c.t.s.ComputationStepExecutor] Generate Quality gate events | status=SUCCESS | time=1ms
2022.09.20 09:03:29 INFO  ce[AYNaI0yw-6Bx8xa06lK4][o.s.c.t.s.ComputationStepExecutor] Check upgrade possibility for not analyzed code files. | status=SUCCESS | time=0ms
2022.09.20 09:03:29 INFO  ce[AYNaI0yw-6Bx8xa06lK4][o.s.c.t.s.ComputationStepExecutor] Persist components | status=SUCCESS | time=10ms
2022.09.20 09:03:29 INFO  ce[AYNaI0yw-6Bx8xa06lK4][o.s.c.t.s.ComputationStepExecutor] Persist analysis | status=SUCCESS | time=0ms
2022.09.20 09:03:29 INFO  ce[AYNaI0yw-6Bx8xa06lK4][o.s.c.t.s.ComputationStepExecutor] Persist analysis properties | status=SUCCESS | time=1ms
2022.09.20 09:03:29 INFO  ce[AYNaI0yw-6Bx8xa06lK4][o.s.c.t.s.ComputationStepExecutor] Persist measures | inserts=52 | status=SUCCESS | time=14ms
2022.09.20 09:03:30 INFO  ce[AYNaI0yw-6Bx8xa06lK4][o.s.c.t.s.ComputationStepExecutor] Persist live measures | insertsOrUpdates=6023 | status=SUCCESS | time=470ms
2022.09.20 09:03:30 INFO  ce[AYNaI0yw-6Bx8xa06lK4][o.s.c.t.s.ComputationStepExecutor] Persist duplication data | insertsOrUpdates=0 | status=SUCCESS | time=35ms
2022.09.20 09:03:30 INFO  ce[AYNaI0yw-6Bx8xa06lK4][o.s.c.t.s.ComputationStepExecutor] Persist new ad hoc Rules | status=SUCCESS | time=0ms
2022.09.20 09:03:30 INFO  ce[AYNaI0yw-6Bx8xa06lK4][o.s.c.t.s.ComputationStepExecutor] Persist issues | cacheSize=0 bytes | inserts=0 | updates=0 | merged=0 | status=SUCCESS | time=0ms
2022.09.20 09:03:30 INFO  ce[AYNaI0yw-6Bx8xa06lK4][o.s.c.t.s.ComputationStepExecutor] Persist project links | status=SUCCESS | time=0ms
2022.09.20 09:03:30 INFO  ce[AYNaI0yw-6Bx8xa06lK4][o.s.c.t.s.ComputationStepExecutor] Persist events | status=SUCCESS | time=1ms
2022.09.20 09:03:31 INFO  ce[AYNaI0yw-6Bx8xa06lK4][o.s.c.t.s.ComputationStepExecutor] Persist sources | status=SUCCESS | time=943ms
2022.09.20 09:03:31 INFO  ce[AYNaI0yw-6Bx8xa06lK4][o.s.c.t.s.ComputationStepExecutor] Persist cross project duplications | status=SUCCESS | time=0ms
2022.09.20 09:03:31 INFO  ce[AYNaI0yw-6Bx8xa06lK4][o.s.c.t.s.ComputationStepExecutor] Enable analysis | status=SUCCESS | time=2ms
2022.09.20 09:03:31 INFO  ce[AYNaI0yw-6Bx8xa06lK4][o.s.c.t.s.ComputationStepExecutor] Update last usage date of quality profiles | status=SUCCESS | time=3ms
2022.09.20 09:03:31 INFO  ce[AYNaI0yw-6Bx8xa06lK4][o.s.c.t.s.ComputationStepExecutor] Purge db | status=SUCCESS | time=36ms
2022.09.20 09:03:32 INFO  ce[AYNaI0yw-6Bx8xa06lK4][o.s.c.t.s.ComputationStepExecutor] Index analysis | status=SUCCESS | time=1180ms
2022.09.20 09:03:32 INFO  ce[AYNaI0yw-6Bx8xa06lK4][o.s.c.t.s.ComputationStepExecutor] Update need issue sync for branch | status=SUCCESS | time=1ms
2022.09.20 09:03:32 INFO  ce[AYNaI0yw-6Bx8xa06lK4][o.s.c.t.s.ComputationStepExecutor] Send issue notifications | newIssuesNotifs=0 | newIssuesDeliveries=0 | myNewIssuesNotifs=0 | myNewIssuesDeliveries=0 | changesNotifs=0 | changesDeliveries=0 | status=SUCCESS | time=3ms
2022.09.20 09:03:32 INFO  ce[AYNaI0yw-6Bx8xa06lK4][o.s.c.t.s.ComputationStepExecutor] Publish task results | status=SUCCESS | time=0ms
2022.09.20 09:03:32 INFO  ce[AYNaI0yw-6Bx8xa06lK4][o.s.c.t.s.ComputationStepExecutor] Trigger refresh of Portfolios and Applications | status=SUCCESS | time=0ms
2022.09.20 09:03:32 INFO  ce[AYNaI0yw-6Bx8xa06lK4][o.s.c.t.p.a.p.PostProjectAnalysisTasksExecutor] Webhooks | globalWebhooks=0 | projectWebhooks=0 | status=SUCCESS | time=0ms
2022.09.20 09:03:32 INFO  ce[AYNaI0yw-6Bx8xa06lK4][o.s.c.t.CeWorkerImpl] Executed task | project=test-baufest | type=REPORT | id=AYNaI0yw-6Bx8xa06lK4 | submitter=admin | status=SUCCESS | time=5134ms
