2022.09.20 04:41:52 INFO  es[][o.e.n.Node] version[7.16.2], pid[38], build[default/tar/2b937c44140b6559905130a8650c64dbd0879cfb/2021-12-18T19:42:46.604893745Z], OS[Linux/5.10.124-linuxkit/aarch64], JVM[Alpine/OpenJDK 64-Bit Server VM/11.0.12/11.0.12+7-alpine-r0]
2022.09.20 04:41:52 INFO  es[][o.e.n.Node] JVM home [/usr/lib/jvm/java-11-openjdk]
2022.09.20 04:41:52 INFO  es[][o.e.n.Node] JVM arguments [-XX:+UseG1GC, -Djava.io.tmpdir=/opt/sonarqube/temp, -XX:ErrorFile=../logs/es_hs_err_pid%p.log, -Des.networkaddress.cache.ttl=60, -Des.networkaddress.cache.negative.ttl=10, -XX:+AlwaysPreTouch, -Xss1m, -Djava.awt.headless=true, -Dfile.encoding=UTF-8, -Djna.nosys=true, -Djna.tmpdir=/opt/sonarqube/temp, -XX:-OmitStackTraceInFastThrow, -Dio.netty.noUnsafe=true, -Dio.netty.noKeySetOptimization=true, -Dio.netty.recycler.maxCapacityPerThread=0, -Dio.netty.allocator.numDirectArenas=0, -Dlog4j.shutdownHookEnabled=false, -Dlog4j2.disable.jmx=true, -Dlog4j2.formatMsgNoLookups=true, -Djava.locale.providers=COMPAT, -Dcom.redhat.fips=false, -Xmx512m, -Xms512m, -XX:MaxDirectMemorySize=256m, -XX:+HeapDumpOnOutOfMemoryError, -Des.path.home=/opt/sonarqube/elasticsearch, -Des.path.conf=/opt/sonarqube/temp/conf/es, -Des.distribution.flavor=default, -Des.distribution.type=tar, -Des.bundled_jdk=false]
2022.09.20 04:41:53 INFO  es[][o.e.p.PluginsService] loaded module [analysis-common]
2022.09.20 04:41:53 INFO  es[][o.e.p.PluginsService] loaded module [lang-painless]
2022.09.20 04:41:53 INFO  es[][o.e.p.PluginsService] loaded module [parent-join]
2022.09.20 04:41:53 INFO  es[][o.e.p.PluginsService] loaded module [transport-netty4]
2022.09.20 04:41:53 INFO  es[][o.e.p.PluginsService] no plugins loaded
2022.09.20 04:41:53 INFO  es[][o.e.e.NodeEnvironment] using [1] data paths, mounts [[/opt/sonarqube/data (grpcfuse)]], net usable_space [862.7gb], net total_space [926.3gb], types [fuse.grpcfuse]
2022.09.20 04:41:53 INFO  es[][o.e.e.NodeEnvironment] heap size [512mb], compressed ordinary object pointers [true]
2022.09.20 04:41:53 INFO  es[][o.e.n.Node] node name [sonarqube], node ID [zMICNnSZQcOlrS6sLcMwkg], cluster name [sonarqube], roles [data_frozen, master, remote_cluster_client, data, data_content, data_hot, data_warm, data_cold, ingest]
2022.09.20 04:41:55 INFO  es[][o.e.t.NettyAllocator] creating NettyAllocator with the following configs: [name=unpooled, suggested_max_allocation_size=256kb, factors={es.unsafe.use_unpooled_allocator=null, g1gc_enabled=true, g1gc_region_size=1mb, heap_size=512mb}]
2022.09.20 04:41:55 INFO  es[][o.e.d.DiscoveryModule] using discovery type [zen] and seed hosts providers [settings]
2022.09.20 04:41:56 INFO  es[][o.e.g.DanglingIndicesState] gateway.auto_import_dangling_indices is disabled, dangling indices will not be automatically detected or imported and must be managed manually
2022.09.20 04:41:56 INFO  es[][o.e.n.Node] initialized
2022.09.20 04:41:56 INFO  es[][o.e.n.Node] starting ...
2022.09.20 04:41:56 INFO  es[][o.e.t.TransportService] publish_address {127.0.0.1:42129}, bound_addresses {127.0.0.1:42129}
2022.09.20 04:41:56 INFO  es[][o.e.c.c.Coordinator] setting initial configuration to VotingConfiguration{zMICNnSZQcOlrS6sLcMwkg}
2022.09.20 04:41:57 INFO  es[][o.e.c.s.MasterService] elected-as-master ([1] nodes joined)[{sonarqube}{zMICNnSZQcOlrS6sLcMwkg}{xVu3QvjXTaClqi3H4LsbFQ}{127.0.0.1}{127.0.0.1:42129}{cdfhimrsw} elect leader, _BECOME_MASTER_TASK_, _FINISH_ELECTION_], term: 1, version: 1, delta: master node changed {previous [], current [{sonarqube}{zMICNnSZQcOlrS6sLcMwkg}{xVu3QvjXTaClqi3H4LsbFQ}{127.0.0.1}{127.0.0.1:42129}{cdfhimrsw}]}
2022.09.20 04:41:57 INFO  es[][o.e.c.c.CoordinationState] cluster UUID set to [diVx3anDQfW9eT2I3eFyNA]
2022.09.20 04:41:57 INFO  es[][o.e.c.s.ClusterApplierService] master node changed {previous [], current [{sonarqube}{zMICNnSZQcOlrS6sLcMwkg}{xVu3QvjXTaClqi3H4LsbFQ}{127.0.0.1}{127.0.0.1:42129}{cdfhimrsw}]}, term: 1, version: 1, reason: Publication{term=1, version=1}
2022.09.20 04:41:57 INFO  es[][o.e.h.AbstractHttpServerTransport] publish_address {127.0.0.1:9001}, bound_addresses {127.0.0.1:9001}
2022.09.20 04:41:57 INFO  es[][o.e.n.Node] started
2022.09.20 04:41:57 INFO  es[][o.e.g.GatewayService] recovered [0] indices into cluster_state
2022.09.20 04:42:22 INFO  es[][o.e.c.m.MetadataCreateIndexService] [metadatas] creating index, cause [api], templates [], shards [1]/[0]
2022.09.20 04:42:22 INFO  es[][o.e.c.r.a.AllocationService] Cluster health status changed from [YELLOW] to [GREEN] (reason: [shards started [[metadatas][0]]]).
2022.09.20 04:42:22 INFO  es[][o.e.c.m.MetadataMappingService] [metadatas/u7AR2iQoRde-V5Ibs_ChUw] create_mapping [metadata]
2022.09.20 04:42:24 INFO  es[][o.e.c.m.MetadataCreateIndexService] [components] creating index, cause [api], templates [], shards [5]/[0]
2022.09.20 04:42:25 INFO  es[][o.e.c.r.a.AllocationService] Cluster health status changed from [YELLOW] to [GREEN] (reason: [shards started [[components][4]]]).
2022.09.20 04:42:25 INFO  es[][o.e.c.m.MetadataMappingService] [components/2nV2K4a5QJSc3onpduPQrA] create_mapping [auth]
2022.09.20 04:42:25 INFO  es[][o.e.c.m.MetadataCreateIndexService] [projectmeasures] creating index, cause [api], templates [], shards [5]/[0]
2022.09.20 04:42:26 INFO  es[][o.e.c.r.a.AllocationService] Cluster health status changed from [YELLOW] to [GREEN] (reason: [shards started [[projectmeasures][4]]]).
2022.09.20 04:42:27 INFO  es[][o.e.c.m.MetadataMappingService] [projectmeasures/vW4rZRwLQ92Is18BxnSJow] create_mapping [auth]
2022.09.20 04:42:27 INFO  es[][o.e.c.m.MetadataCreateIndexService] [rules] creating index, cause [api], templates [], shards [2]/[0]
2022.09.20 04:42:28 INFO  es[][o.e.c.r.a.AllocationService] Cluster health status changed from [YELLOW] to [GREEN] (reason: [shards started [[rules][0]]]).
2022.09.20 04:42:28 INFO  es[][o.e.c.m.MetadataMappingService] [rules/0VY6LPlNR2KM1TSotjlcgA] create_mapping [rule]
2022.09.20 04:42:29 INFO  es[][o.e.c.m.MetadataCreateIndexService] [issues] creating index, cause [api], templates [], shards [5]/[0]
2022.09.20 04:42:30 INFO  es[][o.e.c.r.a.AllocationService] Cluster health status changed from [YELLOW] to [GREEN] (reason: [shards started [[issues][4]]]).
2022.09.20 04:42:30 INFO  es[][o.e.c.m.MetadataMappingService] [issues/lQaNFXK4QwSU0VaslJtI1A] create_mapping [auth]
2022.09.20 04:42:31 INFO  es[][o.e.c.m.MetadataCreateIndexService] [users] creating index, cause [api], templates [], shards [1]/[0]
2022.09.20 04:42:31 INFO  es[][o.e.c.r.a.AllocationService] Cluster health status changed from [YELLOW] to [GREEN] (reason: [shards started [[users][0]]]).
2022.09.20 04:42:31 INFO  es[][o.e.c.m.MetadataMappingService] [users/-ntvjEY8S6a3nYVAGZkG-A] create_mapping [user]
2022.09.20 04:42:32 INFO  es[][o.e.c.m.MetadataCreateIndexService] [views] creating index, cause [api], templates [], shards [5]/[0]
2022.09.20 04:42:33 INFO  es[][o.e.c.r.a.AllocationService] Cluster health status changed from [YELLOW] to [GREEN] (reason: [shards started [[views][4]]]).
2022.09.20 04:42:33 INFO  es[][o.e.c.m.MetadataMappingService] [views/nfUcOjq7TEK6R0gtI2x40g] create_mapping [view]
2022.09.20 04:42:55 INFO  es[][o.e.c.s.IndexScopedSettings] updating [index.refresh_interval] from [30s] to [-1]
2022.09.20 04:42:55 INFO  es[][o.e.c.s.IndexScopedSettings] updating [index.refresh_interval] from [30s] to [-1]
2022.09.20 04:42:56 INFO  es[][o.e.c.s.IndexScopedSettings] updating [index.refresh_interval] from [-1] to [30s]
2022.09.20 04:42:56 INFO  es[][o.e.c.s.IndexScopedSettings] updating [index.refresh_interval] from [-1] to [30s]
2022.09.20 04:42:56 INFO  es[][o.e.c.s.IndexScopedSettings] updating [index.refresh_interval] from [30s] to [-1]
2022.09.20 04:42:57 INFO  es[][o.e.c.s.IndexScopedSettings] updating [index.refresh_interval] from [30s] to [-1]
2022.09.20 04:42:57 INFO  es[][o.e.c.s.IndexScopedSettings] updating [index.refresh_interval] from [-1] to [30s]
2022.09.20 04:42:57 INFO  es[][o.e.c.s.IndexScopedSettings] updating [index.refresh_interval] from [-1] to [30s]
